Removed Pin From Net: NetName=VCC Pin=C3-1
Removed Pin From Net: NetName=VCC Pin=C4-1
Removed Pin From Net: NetName=GND Pin=C4-2
Removed Pin From Net: NetName=V_BAT Pin=C5-1
Removed Pin From Net: NetName=GND Pin=C5-2
Removed Pin From Net: NetName=VCC Pin=L3-2
Removed Pin From Net: NetName=GND Pin=R9-1
Removed Pin From Net: NetName=NetR9_2 Pin=R10-1
Removed Pin From Net: NetName=V_BAT Pin=R10-2
Removed Pin From Net: NetName=VCC Pin=R16-1
Removed Pin From Net: NetName=GND Pin=R17-2
Removed Pin From Net: NetName=NetR9_2 Pin=U1-4
Removed Pin From Net: NetName=GND Pin=U1-6
Removed Pin From Net: NetName=GND Pin=U1-7
Removed Member From Class: ClassName=Nevron_v4 Member=C4
Removed Member From Class: ClassName=Nevron_v4 Member=C5
Removed Member From Class: ClassName=Nevron_v4 Member=L3
Removed Member From Class: ClassName=Nevron_v4 Member=R16
Removed Member From Class: ClassName=Nevron_v4 Member=R17
Change Component Footprint: Designator=C3 Old Footprint=0402 RES New Footprint=0402 Cap
Change Component Footprint: Designator=U1 Old Footprint=TPS62240DRVR New Footprint=TPS3700DSER
Change Component Comment : Designator=R10 Old Comment=11.8k 0402 New Comment=50k 0402
Change Component Comment : Designator=R9 Old Comment=15k 0402 New Comment=50k 0402
Change Component Comment : Designator=C3 Old Comment=33pF 0402 New Comment=100nF 0402 Cap
Change Component Comment : Designator=U1 Old Comment=TPS62240DRVTG4 New Comment=TPS3700DSER
Change component parameters: Designator = "U1"; Footprint = "TPS3700DSER"; UniqueID = "\NGXGSQVP"
Change component parameters. Clean all parameters for all variants
Change component parameters (AddParameter): Name = "Case/Package"; Value = "WFDFN"; VariantName = "[No Variations]"
Change component parameters (AddParameter): Name = "ComponentLink1Description"; Value = "http://www.ti.com/lit/gpn/tps3700?src-supplier=Mouser"; VariantName = "[No Variations]"
Change component parameters (AddParameter): Name = "ComponentLink1URL"; Value = "http://www.ti.com/lit/gpn/tps3700?src-supplier=Mouser"; VariantName = "[No Variations]"
Change component parameters (AddParameter): Name = "ComponentLink2Description"; Value = "http://www.ti.com/lit/ds/symlink/tps3700.pdf?src-supplier=Digi-Key"; VariantName = "[No Variations]"
Change component parameters (AddParameter): Name = "ComponentLink2URL"; Value = "http://www.ti.com/lit/ds/symlink/tps3700.pdf?src-supplier=Digi-Key"; VariantName = "[No Variations]"
Change component parameters (AddParameter): Name = "ComponentLink3Description"; Value = "http://www.ti.com/lit/ds/symlink/tps3700.pdf?src-supplier=Avnet"; VariantName = "[No Variations]"
Change component parameters (AddParameter): Name = "ComponentLink3URL"; Value = "http://www.ti.com/lit/ds/symlink/tps3700.pdf?src-supplier=Avnet"; VariantName = "[No Variations]"
Change component parameters (AddParameter): Name = "Hysteresis"; Value = "5.5mV"; VariantName = "[No Variations]"
Change component parameters (AddParameter): Name = "Input Bias Current"; Value = "25nA"; VariantName = "[No Variations]"
Change component parameters (AddParameter): Name = "Lead Free"; Value = "Lead Free"; VariantName = "[No Variations]"
Change component parameters (AddParameter): Name = "Manufacturer"; Value = "Texas Instruments"; VariantName = "[No Variations]"
Change component parameters (AddParameter): Name = "Manufacturer Part Number"; Value = "TPS3700DSER"; VariantName = "[No Variations]"
Change component parameters (AddParameter): Name = "Max Operating Temperature"; Value = "125°C"; VariantName = "[No Variations]"
Change component parameters (AddParameter): Name = "Max Supply Current"; Value = "13uA"; VariantName = "[No Variations]"
Change component parameters (AddParameter): Name = "Max Supply Voltage"; Value = "18V"; VariantName = "[No Variations]"
Change component parameters (AddParameter): Name = "Min Operating Temperature"; Value = "-40°C"; VariantName = "[No Variations]"
Change component parameters (AddParameter): Name = "Min Supply Voltage"; Value = "1.8V"; VariantName = "[No Variations]"
Change component parameters (AddParameter): Name = "Mount"; Value = "Surface Mount"; VariantName = "[No Variations]"
Change component parameters (AddParameter): Name = "Number of Channels"; Value = "1"; VariantName = "[No Variations]"
Change component parameters (AddParameter): Name = "Number of Elements"; Value = "1"; VariantName = "[No Variations]"
Change component parameters (AddParameter): Name = "Number of Pins"; Value = "6"; VariantName = "[No Variations]"
Change component parameters (AddParameter): Name = "Package Quantity"; Value = "3000"; VariantName = "[No Variations]"
Change component parameters (AddParameter): Name = "Packaging"; Value = "Tape and Reel"; VariantName = "[No Variations]"
Change component parameters (AddParameter): Name = "Pricing 1"; Value = "1=1.84, 10=1.657, 100=1.3317, 500=1.09412, 1000=0.90655 (USD)"; VariantName = "[No Variations]"
Change component parameters (AddParameter): Name = "Propagation Delay"; Value = "29us"; VariantName = "[No Variations]"
Change component parameters (AddParameter): Name = "Quiescent Current"; Value = "13uA"; VariantName = "[No Variations]"
Change component parameters (AddParameter): Name = "Radiation Hardening"; Value = "No"; VariantName = "[No Variations]"
Change component parameters (AddParameter): Name = "Stock 1"; Value = "11662"; VariantName = "[No Variations]"
Change component parameters (AddParameter): Name = "Supplier 1"; Value = "Digi-Key"; VariantName = "[No Variations]"
Change component parameters (AddParameter): Name = "Supplier Part Number 1"; Value = "296-40742-1-ND"; VariantName = "[No Variations]"
Change component parameters (AddParameter): Name = "Turn-On Delay Time"; Value = "29us"; VariantName = "[No Variations]"
Added Component: Designator=R11(0402 Res)
Add component. Clean all parameters for all variants
Added Component: Designator=R12(0402 Res)
Add component. Clean all parameters for all variants
Added Pin To Net: NetName=V_BAT Pin=C3-1
Added Pin To Net: NetName=GND Pin=C3-2
Added Pin To Net: NetName=V_BAT Pin=R9-1
Added Pin To Net: NetName=V_BAT Pin=R10-1
Added Pin To Net: NetName=NetR9_2 Pin=R11-1
Added Pin To Net: NetName=GND Pin=R12-2
Added Pin To Net: NetName=NetR9_2 Pin=U1-3
Added Pin To Net: NetName=LDO_EN Pin=R10-2
Added Pin To Net: NetName=LDO_EN Pin=U1-1
Added Pin To Net: NetName=LDO_EN Pin=U1-6
Added Net: Name=LDO_EN
Added Pin To Net: NetName=NetR11_2 Pin=R11-2
Added Pin To Net: NetName=NetR11_2 Pin=R12-1
Added Pin To Net: NetName=NetR11_2 Pin=U1-4
Added Net: Name=NetR11_2
Added Member To Class: ClassName=Nevron_v4 Member=Component R11 50k 0402
Added Member To Class: ClassName=Nevron_v4 Member=Component R12 50k 0402
